ブックマーク数でソート
POINT: 364.17139612571424, ブックマーク数: 658, ネガポジ度 0.5534519697959183, 1位, Linux デスクトップ環境 2017 - k0kubun's blog, link[http://k0kubun.hatenablog.com/entry/linux-desktop-2017]
POINT: 326.4875404786844, ブックマーク数: 554, ネガポジ度 0.5893276903947372, 2位, 「お前が言うな」の声も想定していた——キュレーション騒動を受けてNAVERまとめが新方針を打ち出した理由 | TechCrunch Japan, link[http://jp.techcrunch.com/2017/01/10/line-shimamura/]
POINT: 199.86962698838707, ブックマーク数: 392, ネガポジ度 0.5098714974193548, 3位, Wordさんは今日もおつかれです - Qiita, link[http://qiita.com/kaityo256/items/c15889dbb7acb2632c6e]
POINT: 232.80480809870966, ブックマーク数: 371, ネガポジ度 0.6275062212903225, 4位, タスク管理ツール「Trello」、アトラシアンによる買収に合意。TrelloはJIRAやConfluenceと統合へ向かう － Publickey, link[http://www.publickey1.jp/blog/17/trellotrellojiraconfluence.html]
POINT: 186.07087249272726, ブックマーク数: 283, ネガポジ度 0.657494249090909, 5位, レンサバの常識を覆す「なめらかなシステム」に挑む──運用技術を学術研究して実際のサービスへ適用 - はてなニュース, link[http://hatenanews.com/articles/201701/24117]
POINT: 129.01876672222224, ブックマーク数: 227, ネガポジ度 0.5683646111111111, 6位, こんな書き方は◯◯だ！ITエンジニアの職務経歴書アンチパターン（転職ドラフト審査チームの悩み）｜転職ドラフトReport, link[https://job-draft.jp/articles/116]
POINT: 110.8077429621818, ブックマーク数: 218, ネガポジ度 0.5082923989090908, 7位, 米Yahoo!が社名変更　「Altaba」に（Verizonへの主要事業売却後） - ITmedia ニュース, link[http://www.itmedia.co.jp/news/articles/1701/10/news067.html]
POINT: 44.731542274285715, ブックマーク数: 120, ネガポジ度 0.3727628522857143, 8位, "クソ野郎"スティーブ・ジョブズはなぜiPhoneを作ることが出来たのか - shi3zの長文日記, link[http://d.hatena.ne.jp/shi3z/20170110/1484002953]
POINT: 76.5711679814815, ブックマーク数: 106, ネガポジ度 0.7223695092592594, 9位, ブログでお金を稼いで脱貧困する方法を考える - ポジ熊の人生記, link[http://www.pojihiguma.com/entry/blog-De-poverty]
POINT: 43.77417197999999, ブックマーク数: 77, ネガポジ度 0.5684957399999999, 10位, nullが生まれた背景と現在のnullの問題点 ― null参照問題（前編） - Build Insider, link[http://www.buildinsider.net/column/iwanaga-nobuyuki/011]
POINT: 37.342519175, ブックマーク数: 74, ネガポジ度 0.5046286375, 11位, From OSX to Ubuntu | Code | Nicolas Perriault, link[https://nicolas.perriault.net/code/2016/from-osx-to-ubuntu/]
POINT: 44.533904129666674, ブックマーク数: 71, ネガポジ度 0.6272380863333334, 12位, お茶がお茶でなくなる瞬間をご覧いただこう - デイリーポータルZ：@nifty, link[http://portal.nifty.com/kiji/170110198511_1.htm]
POINT: 43.67850370714285, ブックマーク数: 66, ネガポジ度 0.6617955107142857, 13位, はてなと一緒に書き手を巻き込んで成長　オウンドメディア「SUUMOタウン」の狙いとは - はてなビジネスブログ, link[http://business.hatenastaff.com/entry/2017/01/10/110000]
POINT: 23.453881111764705, ブックマーク数: 47, ネガポジ度 0.49901874705882354, 14位, 公式サイトのFilezilla（Mac版）から、マルウェアが検出された件。, link[http://shinjirogoto.com/?p=259]
POINT: 24.027807900000003, ブックマーク数: 46, ネガポジ度 0.52234365, 15位, 米YahooがAltabaに社名変更--日本の「ヤフー」の名称はどうなる？ - CNET Japan, link[http://japan.cnet.com/news/business/35094745/]
POINT: 42.60042, ブックマーク数: 45, ネガポジ度 0.946676, 16位, 「みんなのGo言語」が良かったので、自分のためだけのCLIツールを作ってみた - えいのうにっき, link[http://blog.a-know.me/entry/2017/01/09/222302]
POINT: 24.102491715789476, ブックマーク数: 43, ネガポジ度 0.5605230631578948, 17位, AIが新聞記事を書いてみた　執筆1秒、データ処理に強み （西日本新聞） - Yahoo!ニュース, link[http://headlines.yahoo.co.jp/hl?a=20170110-00010002-nishinpc-sci]
POINT: 17.58137605, ブックマーク数: 41, ネガポジ度 0.42881405, 18位, ニュース解説 - マイナンバーシステム障害の責任は2億円、富士通らベンダー5社の負担で合意：ITpro, link[http://itpro.nikkeibp.co.jp/atcl/column/14/346926/010500760/]
POINT: 19.902559298823533, ブックマーク数: 36, ネガポジ度 0.5528488694117648, 19位, 東京情報大 学生４２人がソフト不正改変 | NHKニュース, link[http://www3.nhk.or.jp/news/html/20170110/k10010833951000.html]
POINT: 15.388927805999998, ブックマーク数: 31, ネガポジ度 0.49641702599999993, 20位, Python 3を使うべきでない場合（なんてない） | プログラミング | POSTD, link[http://postd.cc/case-python-3/]
POINT: 17.842521199999997, ブックマーク数: 31, ネガポジ度 0.5755651999999999, 21位, 【悲憤】Razerの変態3画面ノート試作機が盗難。犯人は約300万円の賞金首に【慷慨】 - Engadget 日本版, link[http://japanese.engadget.com/2017/01/10/razer-stolen/]
POINT: 21.224094705882354, ブックマーク数: 30, ネガポジ度 0.7074698235294118, 22位, ブログにおける「PV数や収益の報告は、何のためにやるのか？」を改めて考えてみた。 - うさるの厨二病な読書・漫画日記, link[http://www.saiusaruzzz.com/entry/2017/01/10/180000]
POINT: 21.2154691, ブックマーク数: 29, ネガポジ度 0.7315678999999999, 23位, AI搭載時間追跡アプリTimeを使えばタスクの先延ばしも解消？ | TechCrunch Japan, link[http://jp.techcrunch.com/2017/01/10/20170109times-ai-powered-time-tracking-app-will-help-you-stop-procrastinating/]
POINT: 14.743323225000001, ブックマーク数: 27, ネガポジ度 0.5460490083333334, 24位, 今の会社 - Qiita, link[http://qiita.com/level52/items/94895178b870c2c5a893]
POINT: 15.175300199999999, ブックマーク数: 27, ネガポジ度 0.5620481555555555, 25位, markdownをHTMLにして他人に渡すベストシナリオを求めて - Qiita, link[http://qiita.com/yugo-yamamoto/items/f8d882bf44d297a9aa81]
POINT: 8.872745024, ブックマーク数: 26, ネガポジ度 0.341259424, 26位, ややこしいIPv6アドレス自動設定の話:Geekなぺーじ, link[http://www.geekpage.jp/blog/?id=2017-1-10-1]
POINT: 11.246160499999998, ブックマーク数: 25, ネガポジ度 0.44984641999999997, 27位, ASCII.jp：SIMロック解除までの期間が短縮が決定　12月以降は一括購入で即可能に, link[http://ascii.jp/elem/000/001/415/1415386/]
POINT: 11.984098, ブックマーク数: 20, ネガポジ度 0.5992048999999999, 28位, Yahoo!が「Altaba」に社名変更 ～インターネット黎明期を支えた20年以上の歴史に幕 - PC Watch, link[http://pc.watch.impress.co.jp/docs/news/1038327.html]
POINT: 11.08873869230769, ブックマーク数: 18, ネガポジ度 0.6160410384615383, 29位, Appleの初売りでMacbookを買ったぞー！！！ - 趣味全開で淡々と, link[http://www.kyu7.com/entry/MacBookkounyu]
POINT: 8.697402087500002, ブックマーク数: 17, ネガポジ度 0.5116118875000001, 30位, SIMロック解除までの期間を短縮、週末限定割引や「下取りでの実質0円」廃止――総務省が新たなガイドラインを策定 - ケータイ Watch, link[http://k-tai.watch.impress.co.jp/docs/news/1038357.html]



ブックマーク数とネガポジ度の統合ランキング
POINT: 364.17139612571424, ブックマーク数: 658, ネガポジ度 0.5534519697959183, 1位, Linux デスクトップ環境 2017 - k0kubun's blog, link[http://k0kubun.hatenablog.com/entry/linux-desktop-2017]
POINT: 326.4875404786844, ブックマーク数: 554, ネガポジ度 0.5893276903947372, 2位, 「お前が言うな」の声も想定していた——キュレーション騒動を受けてNAVERまとめが新方針を打ち出した理由 | TechCrunch Japan, link[http://jp.techcrunch.com/2017/01/10/line-shimamura/]
POINT: 232.80480809870966, ブックマーク数: 371, ネガポジ度 0.6275062212903225, 3位, タスク管理ツール「Trello」、アトラシアンによる買収に合意。TrelloはJIRAやConfluenceと統合へ向かう － Publickey, link[http://www.publickey1.jp/blog/17/trellotrellojiraconfluence.html]
POINT: 199.86962698838707, ブックマーク数: 392, ネガポジ度 0.5098714974193548, 4位, Wordさんは今日もおつかれです - Qiita, link[http://qiita.com/kaityo256/items/c15889dbb7acb2632c6e]
POINT: 186.07087249272726, ブックマーク数: 283, ネガポジ度 0.657494249090909, 5位, レンサバの常識を覆す「なめらかなシステム」に挑む──運用技術を学術研究して実際のサービスへ適用 - はてなニュース, link[http://hatenanews.com/articles/201701/24117]
POINT: 129.01876672222224, ブックマーク数: 227, ネガポジ度 0.5683646111111111, 6位, こんな書き方は◯◯だ！ITエンジニアの職務経歴書アンチパターン（転職ドラフト審査チームの悩み）｜転職ドラフトReport, link[https://job-draft.jp/articles/116]
POINT: 110.8077429621818, ブックマーク数: 218, ネガポジ度 0.5082923989090908, 7位, 米Yahoo!が社名変更　「Altaba」に（Verizonへの主要事業売却後） - ITmedia ニュース, link[http://www.itmedia.co.jp/news/articles/1701/10/news067.html]
POINT: 76.5711679814815, ブックマーク数: 106, ネガポジ度 0.7223695092592594, 8位, ブログでお金を稼いで脱貧困する方法を考える - ポジ熊の人生記, link[http://www.pojihiguma.com/entry/blog-De-poverty]
POINT: 44.731542274285715, ブックマーク数: 120, ネガポジ度 0.3727628522857143, 9位, "クソ野郎"スティーブ・ジョブズはなぜiPhoneを作ることが出来たのか - shi3zの長文日記, link[http://d.hatena.ne.jp/shi3z/20170110/1484002953]
POINT: 44.533904129666674, ブックマーク数: 71, ネガポジ度 0.6272380863333334, 10位, お茶がお茶でなくなる瞬間をご覧いただこう - デイリーポータルZ：@nifty, link[http://portal.nifty.com/kiji/170110198511_1.htm]
POINT: 43.77417197999999, ブックマーク数: 77, ネガポジ度 0.5684957399999999, 11位, nullが生まれた背景と現在のnullの問題点 ― null参照問題（前編） - Build Insider, link[http://www.buildinsider.net/column/iwanaga-nobuyuki/011]
POINT: 43.67850370714285, ブックマーク数: 66, ネガポジ度 0.6617955107142857, 12位, はてなと一緒に書き手を巻き込んで成長　オウンドメディア「SUUMOタウン」の狙いとは - はてなビジネスブログ, link[http://business.hatenastaff.com/entry/2017/01/10/110000]
POINT: 42.60042, ブックマーク数: 45, ネガポジ度 0.946676, 13位, 「みんなのGo言語」が良かったので、自分のためだけのCLIツールを作ってみた - えいのうにっき, link[http://blog.a-know.me/entry/2017/01/09/222302]
POINT: 37.342519175, ブックマーク数: 74, ネガポジ度 0.5046286375, 14位, From OSX to Ubuntu | Code | Nicolas Perriault, link[https://nicolas.perriault.net/code/2016/from-osx-to-ubuntu/]
POINT: 24.102491715789476, ブックマーク数: 43, ネガポジ度 0.5605230631578948, 15位, AIが新聞記事を書いてみた　執筆1秒、データ処理に強み （西日本新聞） - Yahoo!ニュース, link[http://headlines.yahoo.co.jp/hl?a=20170110-00010002-nishinpc-sci]
POINT: 24.027807900000003, ブックマーク数: 46, ネガポジ度 0.52234365, 16位, 米YahooがAltabaに社名変更--日本の「ヤフー」の名称はどうなる？ - CNET Japan, link[http://japan.cnet.com/news/business/35094745/]
POINT: 23.453881111764705, ブックマーク数: 47, ネガポジ度 0.49901874705882354, 17位, 公式サイトのFilezilla（Mac版）から、マルウェアが検出された件。, link[http://shinjirogoto.com/?p=259]
POINT: 21.224094705882354, ブックマーク数: 30, ネガポジ度 0.7074698235294118, 18位, ブログにおける「PV数や収益の報告は、何のためにやるのか？」を改めて考えてみた。 - うさるの厨二病な読書・漫画日記, link[http://www.saiusaruzzz.com/entry/2017/01/10/180000]
POINT: 21.2154691, ブックマーク数: 29, ネガポジ度 0.7315678999999999, 19位, AI搭載時間追跡アプリTimeを使えばタスクの先延ばしも解消？ | TechCrunch Japan, link[http://jp.techcrunch.com/2017/01/10/20170109times-ai-powered-time-tracking-app-will-help-you-stop-procrastinating/]
POINT: 19.902559298823533, ブックマーク数: 36, ネガポジ度 0.5528488694117648, 20位, 東京情報大 学生４２人がソフト不正改変 | NHKニュース, link[http://www3.nhk.or.jp/news/html/20170110/k10010833951000.html]
POINT: 17.842521199999997, ブックマーク数: 31, ネガポジ度 0.5755651999999999, 21位, 【悲憤】Razerの変態3画面ノート試作機が盗難。犯人は約300万円の賞金首に【慷慨】 - Engadget 日本版, link[http://japanese.engadget.com/2017/01/10/razer-stolen/]
POINT: 17.58137605, ブックマーク数: 41, ネガポジ度 0.42881405, 22位, ニュース解説 - マイナンバーシステム障害の責任は2億円、富士通らベンダー5社の負担で合意：ITpro, link[http://itpro.nikkeibp.co.jp/atcl/column/14/346926/010500760/]
POINT: 15.388927805999998, ブックマーク数: 31, ネガポジ度 0.49641702599999993, 23位, Python 3を使うべきでない場合（なんてない） | プログラミング | POSTD, link[http://postd.cc/case-python-3/]
POINT: 15.175300199999999, ブックマーク数: 27, ネガポジ度 0.5620481555555555, 24位, markdownをHTMLにして他人に渡すベストシナリオを求めて - Qiita, link[http://qiita.com/yugo-yamamoto/items/f8d882bf44d297a9aa81]
POINT: 14.743323225000001, ブックマーク数: 27, ネガポジ度 0.5460490083333334, 25位, 今の会社 - Qiita, link[http://qiita.com/level52/items/94895178b870c2c5a893]
POINT: 11.984098, ブックマーク数: 20, ネガポジ度 0.5992048999999999, 26位, Yahoo!が「Altaba」に社名変更 ～インターネット黎明期を支えた20年以上の歴史に幕 - PC Watch, link[http://pc.watch.impress.co.jp/docs/news/1038327.html]
POINT: 11.246160499999998, ブックマーク数: 25, ネガポジ度 0.44984641999999997, 27位, ASCII.jp：SIMロック解除までの期間が短縮が決定　12月以降は一括購入で即可能に, link[http://ascii.jp/elem/000/001/415/1415386/]
POINT: 11.08873869230769, ブックマーク数: 18, ネガポジ度 0.6160410384615383, 28位, Appleの初売りでMacbookを買ったぞー！！！ - 趣味全開で淡々と, link[http://www.kyu7.com/entry/MacBookkounyu]
POINT: 8.872745024, ブックマーク数: 26, ネガポジ度 0.341259424, 29位, ややこしいIPv6アドレス自動設定の話:Geekなぺーじ, link[http://www.geekpage.jp/blog/?id=2017-1-10-1]
POINT: 8.697402087500002, ブックマーク数: 17, ネガポジ度 0.5116118875000001, 30位, SIMロック解除までの期間を短縮、週末限定割引や「下取りでの実質0円」廃止――総務省が新たなガイドラインを策定 - ケータイ Watch, link[http://k-tai.watch.impress.co.jp/docs/news/1038357.html]
